[35m[1mConsolidate compiler generated dependencies of target usv_missions[0m
[ 50%] [32mBuilding CXX object CMakeFiles/usv_missions.dir/src/usv_missions.cpp.o[0m
[01m[K/home/ale/Documents/Vanttec/usv/src/vanttec_usv/usv_missions/src/usv_missions.cpp:39:42:[m[K [01;31m[Kerror: [m[Kâ€˜[01m[KFloat32[m[Kâ€™ is not a member of â€˜[01m[Kstd_msgs::msg[m[Kâ€™
   39 |         rclcpp::Publisher<std_msgs::msg::[01;31m[KFloat32[m[K>::SharedPtr vel_setpoint_pub_;
      |                                          [01;31m[K^~~~~~~[m[K
[01m[K/home/ale/Documents/Vanttec/usv/src/vanttec_usv/usv_missions/src/usv_missions.cpp:39:49:[m[K [01;31m[Kerror: [m[Ktemplate argument 1 is invalid
   39 |         rclcpp::Publisher<std_msgs::msg::Float32[01;31m[K>[m[K::SharedPtr vel_setpoint_pub_;
      |                                                 [01;31m[K^[m[K
[01m[K/home/ale/Documents/Vanttec/usv/src/vanttec_usv/usv_missions/src/usv_missions.cpp:39:52:[m[K [01;31m[Kerror: [m[Kexpected â€˜[01m[K;[m[Kâ€™ at end of member declaration
   39 |         rclcpp::Publisher<std_msgs::msg::Float32>::[01;31m[KSharedPtr[m[K vel_setpoint_pub_;
      |                                                    [01;31m[K^~~~~~~~~[m[K
      |                                                             [32m[K;[m[K
[01m[K/home/ale/Documents/Vanttec/usv/src/vanttec_usv/usv_missions/src/usv_missions.cpp:39:62:[m[K [01;31m[Kerror: [m[Kâ€˜[01m[Kvel_setpoint_pub_[m[Kâ€™ does not name a type
   39 |         rclcpp::Publisher<std_msgs::msg::Float32>::SharedPtr [01;31m[Kvel_setpoint_pub_[m[K;
      |                                                              [01;31m[K^~~~~~~~~~~~~~~~~[m[K
[01m[K/home/ale/Documents/Vanttec/usv/src/vanttec_usv/usv_missions/src/usv_missions.cpp:[m[K In constructor â€˜[01m[KUSVMissions::USVMissions()[m[Kâ€™:
[01m[K/home/ale/Documents/Vanttec/usv/src/vanttec_usv/usv_missions/src/usv_missions.cpp:18:55:[m[K [01;31m[Kerror: [m[Kfound â€˜[01m[K:[m[Kâ€™ in nested-name-specifier, expected â€˜[01m[K::[m[Kâ€™
   18 |                 "/usv_master/current_mission", 10, std[01;31m[K:[m[Kbind(&USVMissions::curr_mission_callback, this, _1)
      |                                                       [01;31m[K^[m[K
      |                                                       [32m[K::[m[K
[01m[K/home/ale/Documents/Vanttec/usv/src/vanttec_usv/usv_missions/src/usv_missions.cpp:21:13:[m[K [01;31m[Kerror: [m[Kâ€˜[01m[Kvel_setpoint_pub_[m[Kâ€™ was not declared in this scope
   21 |             [01;31m[Kvel_setpoint_pub_[m[K = this->create_publisher<std_msgs::msg::Float32>("/usv_missions/velodine_setpoint", 10);
      |             [01;31m[K^~~~~~~~~~~~~~~~~[m[K
[01m[K/home/ale/Documents/Vanttec/usv/src/vanttec_usv/usv_missions/src/usv_missions.cpp:21:71:[m[K [01;31m[Kerror: [m[Kâ€˜[01m[KFloat32[m[Kâ€™ is not a member of â€˜[01m[Kstd_msgs::msg[m[Kâ€™
   21 |             vel_setpoint_pub_ = this->create_publisher<std_msgs::msg::[01;31m[KFloat32[m[K>("/usv_missions/velodine_setpoint", 10);
      |                                                                       [01;31m[K^~~~~~~[m[K
[01m[K/home/ale/Documents/Vanttec/usv/src/vanttec_usv/usv_missions/src/usv_missions.cpp:21:79:[m[K [01;31m[Kerror: [m[Kno matching function for call to â€˜[01m[KUSVMissions::create_publisher<<expression error> >(const char [32], int)[m[Kâ€™
   21 |     vel_setpoint_pub_ = [01;31m[Kthis->create_publisher<std_msgs::msg::Float32>("/usv_missions/velodine_setpoint", 10)[m[K;
      |                         [01;31m[K~~~~~~~~~~~~~~~~~~~~~~~~~~~~~~~~~~~~~~~~~~~~~~^~~~~~~~~~~~~~~~~~~~~~~~~~~~~~~~~~~~~~~[m[K

In file included from [01m[K/opt/ros/humble/include/rclcpp/rclcpp/executors/single_threaded_executor.hpp:28[m[K,
                 from [01m[K/opt/ros/humble/include/rclcpp/rclcpp/executors.hpp:22[m[K,
                 from [01m[K/opt/ros/humble/include/rclcpp/rclcpp/rclcpp.hpp:155[m[K,
                 from [01m[K/home/ale/Documents/Vanttec/usv/src/vanttec_usv/usv_missions/src/usv_missions.cpp:7[m[K:
[01m[K/opt/ros/humble/include/rclcpp/rclcpp/node.hpp:195:3:[m[K [01;36m[Knote: [m[Kcandidate: â€˜[01m[Ktemplate<class MessageT, class AllocatorT, class PublisherT> std::shared_ptr<PublisherT> rclcpp::Node::create_publisher(const string&, const rclcpp::QoS&, const rclcpp::PublisherOptionsWithAllocator<AllocatorT>&)[m[Kâ€™
  195 |   [01;36m[Kcreate_publisher[m[K(
      |   [01;36m[K^~~~~~~~~~~~~~~~[m[K
[01m[K/opt/ros/humble/include/rclcpp/rclcpp/node.hpp:195:3:[m[K [01;36m[Knote: [m[K  template argument deduction/substitution failed:
[01m[K/home/ale/Documents/Vanttec/usv/src/vanttec_usv/usv_missions/src/usv_missions.cpp:21:79:[m[K [01;31m[Kerror: [m[Ktemplate argument 1 is invalid
   21 |     vel_setpoint_pub_ = [01;31m[Kthis->create_publisher<std_msgs::msg::Float32>("/usv_missions/velodine_setpoint", 10)[m[K;
      |                         [01;31m[K~~~~~~~~~~~~~~~~~~~~~~~~~~~~~~~~~~~~~~~~~~~~~~^~~~~~~~~~~~~~~~~~~~~~~~~~~~~~~~~~~~~~~[m[K

[01m[K/home/ale/Documents/Vanttec/usv/src/vanttec_usv/usv_missions/src/usv_missions.cpp:25:13:[m[K [01;31m[Kerror: [m[Kâ€˜[01m[Kmission_status_pub_[m[Kâ€™ was not declared in this scope; did you mean â€˜[01m[Kmisison_status_pub_[m[Kâ€™?
   25 |             [01;31m[Kmission_status_pub_[m[K = this->create_publisher<std_msgs::msg::Int8>("/usv_missions/mission_status", 10);
      |             [01;31m[K^~~~~~~~~~~~~~~~~~~[m[K
      |             [32m[Kmisison_status_pub_[m[K
[01m[K/home/ale/Documents/Vanttec/usv/src/vanttec_usv/usv_missions/src/usv_missions.cpp:28:31:[m[K [01;31m[Kerror: [m[Kâ€˜[01m[KUSVMaster[m[Kâ€™ has not been declared
   28 |             500ms, std::bind(&[01;31m[KUSVMaster[m[K::timer_callback, this));
      |                               [01;31m[K^~~~~~~~~[m[K
[01m[K/home/ale/Documents/Vanttec/usv/src/vanttec_usv/usv_missions/src/usv_missions.cpp:[m[K In member function â€˜[01m[Kvoid USVMissions::timer_callback()[m[Kâ€™:
[01m[K/home/ale/Documents/Vanttec/usv/src/vanttec_usv/usv_missions/src/usv_missions.cpp:47:28:[m[K [01;31m[Kerror: [m[Kâ€˜[01m[Kmission[m[Kâ€™ was not declared in this scope
   47 |             message.data = [01;31m[Kmission[m[K;
      |                            [01;31m[K^~~~~~~[m[K
[01m[K/home/ale/Documents/Vanttec/usv/src/vanttec_usv/usv_missions/src/usv_missions.cpp:49:13:[m[K [01;31m[Kerror: [m[Kâ€˜[01m[Kmission_pub_[m[Kâ€™ was not declared in this scope
   49 |             [01;31m[Kmission_pub_[m[K->publish(message);
      |             [01;31m[K^~~~~~~~~~~~[m[K
gmake[2]: *** [CMakeFiles/usv_missions.dir/build.make:76: CMakeFiles/usv_missions.dir/src/usv_missions.cpp.o] Error 1
gmake[1]: *** [CMakeFiles/Makefile2:137: CMakeFiles/usv_missions.dir/all] Error 2
gmake: *** [Makefile:146: all] Error 2
